-------------------------------------------------------------------------------
Test set: br.ce.crfranco.tests.ContaTest
-------------------------------------------------------------------------------
Tests run: 3, Failures: 1, Errors: 1, Skipped: 0, Time elapsed: 159.736 sec <<< FAILURE! - in br.ce.crfranco.tests.ContaTest
test3_InserirContaMesmoNome(br.ce.crfranco.tests.ContaTest)  Time elapsed: 56.698 sec  <<< FAILURE!
org.junit.ComparisonFailure: expected:<J[รก] existe uma conta co...> but was:<J[แ] existe uma conta co...>
	at org.junit.Assert.assertEquals(Assert.java:115)
	at org.junit.Assert.assertEquals(Assert.java:144)
	at br.ce.crfranco.tests.ContaTest.test3_InserirContaMesmoNome(ContaTest.java:44)

test2_AlterarConta(br.ce.crfranco.tests.ContaTest)  Time elapsed: 31.321 sec  <<< ERROR!
org.openqa.selenium.NoSuchElementException: Unable to locate element: .//span[@class='glyphicon glyphicon-edit']
For documentation on this error, please visit: http://seleniumhq.org/exceptions/no_such_element.html
Build info: version: '3.11.0', revision: 'e59cfb3', time: '2018-03-11T20:26:55.152Z'
System info: host: 'DESKTOP-JEQT59J', ip: '192.168.0.116', os.name: 'Windows 10', os.arch: 'amd64', os.version: '10.0', java.version: '1.8.0_341'
Driver info: org.openqa.selenium.remote.RemoteWebDriver
Capabilities {acceptInsecureCerts: true, browserName: firefox, browserVersion: 105.0.1, javascriptEnabled: true, moz:accessibilityChecks: false, moz:buildID: 20220922151854, moz:geckodriverVersion: 0.31.0, moz:headless: false, moz:platformVersion: 10.0, moz:processID: 9804, moz:profile: C:\Temp\rust_mozprofilerD5KOg, moz:shutdownTimeout: 60000, moz:useNonSpecCompliantPointerOrigin: false, moz:webdriverClick: true, moz:windowless: false, pageLoadStrategy: normal, platform: WINDOWS, platformName: WINDOWS, proxy: Proxy(), setWindowRect: true, strictFileInteractability: false, timeouts: {implicit: 0, pageLoad: 300000, script: 30000}, unhandledPromptBehavior: dismiss and notify, webdriver.remote.sessionid: 94fa5292-eff5-4328-a8f9-7b5...}
Session ID: 94fa5292-eff5-4328-a8f9-7b5361b69d3a
*** Element info: {Using=xpath, value=.//span[@class='glyphicon glyphicon-edit']}
	at sun.reflect.NativeConstructorAccessorImpl.newInstance0(Native Method)
	at sun.reflect.NativeConstructorAccessorImpl.newInstance(NativeConstructorAccessorImpl.java:62)
	at sun.reflect.DelegatingConstructorAccessorImpl.newInstance(DelegatingConstructorAccessorImpl.java:45)
	at java.lang.reflect.Constructor.newInstance(Constructor.java:423)
	at org.openqa.selenium.remote.http.W3CHttpResponseCodec.createException(W3CHttpResponseCodec.java:187)
	at org.openqa.selenium.remote.http.W3CHttpResponseCodec.decode(W3CHttpResponseCodec.java:122)
	at org.openqa.selenium.remote.http.W3CHttpResponseCodec.decode(W3CHttpResponseCodec.java:49)
	at org.openqa.selenium.remote.HttpCommandExecutor.execute(HttpCommandExecutor.java:158)
	at org.openqa.selenium.remote.RemoteWebDriver.execute(RemoteWebDriver.java:545)
	at org.openqa.selenium.remote.RemoteWebElement.execute(RemoteWebElement.java:279)
	at org.openqa.selenium.remote.RemoteWebElement.findElement(RemoteWebElement.java:179)
	at org.openqa.selenium.remote.RemoteWebElement.findElementByXPath(RemoteWebElement.java:255)
	at org.openqa.selenium.By$ByXPath.findElement(By.java:361)
	at org.openqa.selenium.remote.RemoteWebElement.findElement(RemoteWebElement.java:175)
	at br.ce.crfranco.pages.ContasPage.clicarAlterarConta(ContasPage.java:28)
	at br.ce.crfranco.tests.ContaTest.test2_AlterarConta(ContaTest.java:29)

