-------------------------------------------------------------------------------
Test set: br.ce.crfranco.tests.ResumoTest
-------------------------------------------------------------------------------
Tests run: 2, Failures: 1, Errors: 0, Skipped: 0, Time elapsed: 72.158 sec <<< FAILURE! - in br.ce.crfranco.tests.ResumoTest
test1ExcluirMovimentacao(br.ce.crfranco.tests.ResumoTest)  Time elapsed: 47.431 sec  <<< FAILURE!
org.junit.ComparisonFailure: expected:<Movimenta[Γ§Γ£]o removida com suces...> but was:<Movimenta[ηγ]o removida com suces...>
	at org.junit.Assert.assertEquals(Assert.java:115)
	at org.junit.Assert.assertEquals(Assert.java:144)
	at br.ce.crfranco.tests.ResumoTest.test1ExcluirMovimentacao(ResumoTest.java:27)

